生成启动时间为 2017/9/27 15:24:37。
     1>项目“F:\最佳融合线算法相关资料\bestlinefussion\bestlinefussion\bestlinefussion.vcxproj”在节点 2 上(rebuild 个目标)。
     1>_PrepareForClean:
         正在删除文件“x64\Debug\bestlinefussion.lastbuildstate”。
       InitializeBuildStatus:
         正在创建“x64\Debug\bestlinefussion.unsuccessfulbuild”，因为已指定“AlwaysCreate”。
       ClCompile:
         D:\程序\vs2010\VC\bin\x86_amd64\CL.exe /c /Zi /nologo /W3 /WX- /Od /D _MBCS /Gm /EHsc /RTC1 /MDd /GS /fp:precise /Zc:wchar_t /Zc:forScope /Fo"x64\Debug\\" /Fd"x64\Debug\vc100.pdb" /Gd /TP /errorReport:prompt bestlinefussion.cpp test.cpp
         test.cpp
         bestlinefussion.cpp
     1>bestlinefussion.cpp(81): warning C4244: “=”: 从“float”转换到“int”，可能丢失数据
     1>bestlinefussion.cpp(81): warning C4244: “=”: 从“float”转换到“int”，可能丢失数据
     1>bestlinefussion.cpp(81): warning C4244: “=”: 从“float”转换到“int”，可能丢失数据
     1>bestlinefussion.cpp(82): warning C4244: “=”: 从“float”转换到“int”，可能丢失数据
     1>bestlinefussion.cpp(82): warning C4244: “=”: 从“float”转换到“int”，可能丢失数据
     1>bestlinefussion.cpp(82): warning C4244: “=”: 从“float”转换到“int”，可能丢失数据
     1>bestlinefussion.cpp(85): warning C4244: “=”: 从“int”转换到“float”，可能丢失数据
     1>bestlinefussion.cpp(120): warning C4244: “=”: 从“float”转换到“int”，可能丢失数据
     1>bestlinefussion.cpp(120): warning C4244: “=”: 从“float”转换到“int”，可能丢失数据
     1>bestlinefussion.cpp(120): warning C4244: “=”: 从“float”转换到“int”，可能丢失数据
     1>bestlinefussion.cpp(121): warning C4244: “=”: 从“float”转换到“int”，可能丢失数据
     1>bestlinefussion.cpp(121): warning C4244: “=”: 从“float”转换到“int”，可能丢失数据
     1>bestlinefussion.cpp(121): warning C4244: “=”: 从“float”转换到“int”，可能丢失数据
     1>bestlinefussion.cpp(124): warning C4244: “=”: 从“int”转换到“float”，可能丢失数据
     1>bestlinefussion.cpp(155): warning C4552: “<=”: 运算符不起任何作用；应输入带副作用的运算符
         Generating Code...
       Link:
         D:\程序\vs2010\VC\bin\x86_amd64\link.exe /ERRORREPORT:PROMPT /OUT:"F:\最佳融合线算法相关资料\bestlinefussion\x64\Debug\bestlinefussion.exe" /NOLOGO opencv_calib3d249d.lib opencv_contrib249d.lib opencv_core249d.lib opencv_features2d249d.lib opencv_flann249d.lib opencv_gpu249d.lib opencv_highgui249d.lib opencv_imgproc249d.lib opencv_legacy249d.lib opencv_ml249d.lib opencv_nonfree249d.lib opencv_objdetect249d.lib opencv_ocl249d.lib opencv_photo249d.lib opencv_stitching249d.lib opencv_superres249d.lib opencv_ts249d.lib opencv_video249d.lib opencv_videostab249d.lib kernel32.lib user32.lib gdi32.lib winspool.lib comdlg32.lib advapi32.lib shell32.lib ole32.lib oleaut32.lib uuid.lib odbc32.lib odbccp32.lib /MANIFEST /ManifestFile:"x64\Debug\bestlinefussion.exe.intermediate.manifest" /MANIFESTUAC:"level='asInvoker' uiAccess='false'" /DEBUG /PDB:"F:\最佳融合线算法相关资料\bestlinefussion\x64\Debug\bestlinefussion.pdb" /HEAP:"50000000","50000000" /STACK:"50000000","50000000" /TLBID:1 /DYNAMICBASE /NXCOMPAT /IMPLIB:"F:\最佳融合线算法相关资料\bestlinefussion\x64\Debug\bestlinefussion.lib" /MACHINE:X64 x64\Debug\bestlinefussion.obj
         x64\Debug\test.obj
         bestlinefussion.vcxproj -> F:\最佳融合线算法相关资料\bestlinefussion\x64\Debug\bestlinefussion.exe
       Manifest:
         C:\Program Files (x86)\Microsoft SDKs\Windows\v7.0A\bin\mt.exe /nologo /verbose /outputresource:"F:\最佳融合线算法相关资料\bestlinefussion\x64\Debug\bestlinefussion.exe;#1" /manifest x64\Debug\bestlinefussion.exe.intermediate.manifest
       FinalizeBuildStatus:
         正在删除文件“x64\Debug\bestlinefussion.unsuccessfulbuild”。
         正在对“x64\Debug\bestlinefussion.lastbuildstate”执行 Touch 任务。
     1>已完成生成项目“F:\最佳融合线算法相关资料\bestlinefussion\bestlinefussion\bestlinefussion.vcxproj”(rebuild 个目标)的操作。

生成成功。

已用时间 00:00:02.18
